[debug] [2022-09-26T03:13:53.221Z] ----------------------------------------------------------------------
[debug] [2022-09-26T03:13:53.222Z] Command:       /usr/local/bin/node /usr/local/bin/firebase init hosting
[debug] [2022-09-26T03:13:53.222Z] CLI Version:   10.5.0
[debug] [2022-09-26T03:13:53.222Z] Platform:      darwin
[debug] [2022-09-26T03:13:53.222Z] Node Version:  v16.16.0
[debug] [2022-09-26T03:13:53.225Z] Time:          Mon Sep 26 2022 11:13:53 GMT+0800 (Ulaanbaatar Standard Time)
[debug] [2022-09-26T03:13:53.225Z] ----------------------------------------------------------------------
[debug] 
[debug] [2022-09-26T03:13:53.252Z] > command requires scopes: ["email","openid","https://www.googleapis.com/auth/cloudplatformprojects.readonly","https://www.googleapis.com/auth/firebase","https://www.googleapis.com/auth/cloud-platform"]
[debug] [2022-09-26T03:13:53.252Z] > authorizing via signed-in user (bilguun70b1123@gmail.com)
[info] 
     ######## #### ########  ######## ########     ###     ######  ########
     ##        ##  ##     ## ##       ##     ##  ##   ##  ##       ##
     ######    ##  ########  ######   ########  #########  ######  ######
     ##        ##  ##    ##  ##       ##     ## ##     ##       ## ##
     ##       #### ##     ## ######## ########  ##     ##  ######  ########

You're about to initialize a Firebase project in this directory:

  /Users/b.bilguun/Desktop/SecondFoodSite/food-app

Before we get started, keep in mind:

  * You are initializing within an existing Firebase project directory

[info] 
=== Project Setup
[info] 
[info] First, let's associate this project directory with a Firebase project.
[info] You can create multiple project aliases by running firebase use --add, 
[info] but for now we'll just set up a default project.
[info] 
[debug] [2022-09-26T03:13:53.254Z] Using project from CLI flag: foody-32055
[debug] [2022-09-26T03:13:53.255Z] >>> [apiv2][query] GET https://firebase.googleapis.com/v1beta1/projects/foody-32055 [none]
[debug] [2022-09-26T03:13:57.538Z] <<< [apiv2][status] GET https://firebase.googleapis.com/v1beta1/projects/foody-32055 200
[debug] [2022-09-26T03:13:57.539Z] <<< [apiv2][body] GET https://firebase.googleapis.com/v1beta1/projects/foody-32055 {"projectId":"foody-32055","projectNumber":"833996981656","displayName":"foody","name":"projects/foody-32055","resources":{"hostingSite":"foody-32055","storageBucket":"foody-32055.appspot.com","locationId":"us-central"},"state":"ACTIVE","etag":"1_5158d740-eec1-43ea-9c98-d7d71bf58892"}
[info] i  Using project foody-32055 (foody) 
[info] 
=== Hosting Setup
[info] 
[info] Your public directory is the folder (relative to your project directory) that
[info] will contain Hosting assets to be uploaded with firebase deploy. If you
[info] have a build process for your assets, use your build's output directory.
[info] 
